<?xml version="1.0" encoding="UTF-8"?>
<testsuite xmlns:xsi="http://www.w3.org/2001/XMLSchema-instance" xsi:schemaLocation="https://maven.apache.org/surefire/maven-surefire-plugin/xsd/surefire-test-report.xsd" name="DeleteUserWhiteboxMockTest" time="0.004" tests="10" errors="10" skipped="0" failures="0">
  <properties>
    <property name="jansi.mode" value="force"/>
    <property name="java.runtime.name" value="OpenJDK Runtime Environment"/>
    <property name="java.vm.version" value="21.0.8+9-LTS"/>
    <property name="sun.boot.library.path" value="/home/ander/.p2/pool/plugins/org.eclipse.justj.openjdk.hotspot.jre.full.linux.x86_64_21.0.8.v20250724-1412/jre/lib"/>
    <property name="maven.multiModuleProjectDirectory" value="/home/ander/git/Rides24"/>
    <property name="java.vm.vendor" value="Eclipse Adoptium"/>
    <property name="java.vendor.url" value="https://adoptium.net/"/>
    <property name="guice.disable.misplaced.annotation.check" value="true"/>
    <property name="path.separator" value=":"/>
    <property name="java.vm.name" value="OpenJDK 64-Bit Server VM"/>
    <property name="user.country" value="US"/>
    <property name="sun.java.launcher" value="SUN_STANDARD"/>
    <property name="java.vm.specification.name" value="Java Virtual Machine Specification"/>
    <property name="user.dir" value="/home/ander/git/Rides24"/>
    <property name="java.vm.compressedOopsMode" value="Zero based"/>
    <property name="java.runtime.version" value="21.0.8+9-LTS"/>
    <property name="os.arch" value="amd64"/>
    <property name="java.io.tmpdir" value="/tmp"/>
    <property name="line.separator" value="&#10;"/>
    <property name="java.vm.specification.vendor" value="Oracle Corporation"/>
    <property name="stderr.encoding" value="UTF-8"/>
    <property name="os.name" value="Linux"/>
    <property name="classworlds.conf" value="/home/ander/eclipse-workspace/.metadata/.plugins/org.eclipse.m2e.launching/launches/m2conf12116260264098863925.tmp"/>
    <property name="sun.jnu.encoding" value="UTF-8"/>
    <property name="stdout.encoding" value="UTF-8"/>
    <property name="java.library.path" value="/usr/java/packages/lib:/usr/lib64:/lib64:/lib:/usr/lib"/>
    <property name="jdk.debug" value="release"/>
    <property name="java.class.version" value="65.0"/>
    <property name="java.specification.name" value="Java Platform API Specification"/>
    <property name="sun.management.compiler" value="HotSpot 64-Bit Tiered Compilers"/>
    <property name="os.version" value="6.8.0-84-generic"/>
    <property name="user.home" value="/home/ander"/>
    <property name="user.timezone" value="Europe/Madrid"/>
    <property name="file.encoding" value="UTF-8"/>
    <property name="java.specification.version" value="21"/>
    <property name="user.name" value="ander"/>
    <property name="java.class.path" value="/home/ander/.p2/pool/plugins/org.eclipse.m2e.maven.runtime_3.9.1100.20250811-2018/jars/plexus-classworlds-2.9.0.jar"/>
    <property name="java.vm.specification.version" value="21"/>
    <property name="sun.arch.data.model" value="64"/>
    <property name="sun.java.command" value="org.codehaus.plexus.classworlds.launcher.Launcher -B -Dstyle.color=always clean org.jacoco:jacoco-maven-plugin:prepare-agent org.jacoco:jacoco-maven-plugin:report install sonar:sonar"/>
    <property name="java.home" value="/home/ander/.p2/pool/plugins/org.eclipse.justj.openjdk.hotspot.jre.full.linux.x86_64_21.0.8.v20250724-1412/jre"/>
    <property name="user.language" value="en"/>
    <property name="java.specification.vendor" value="Oracle Corporation"/>
    <property name="java.vm.info" value="mixed mode, sharing"/>
    <property name="java.version" value="21.0.8"/>
    <property name="native.encoding" value="UTF-8"/>
    <property name="java.vendor" value="Eclipse Adoptium"/>
    <property name="maven.home" value="/home/ander/git/Rides24/EMBEDDED"/>
    <property name="style.color" value="always"/>
    <property name="file.separator" value="/"/>
    <property name="java.version.date" value="2025-07-15"/>
    <property name="java.vendor.url.bug" value="https://github.com/adoptium/adoptium-support/issues"/>
    <property name="sun.io.unicode.encoding" value="UnicodeLittle"/>
    <property name="sun.cpu.endian" value="little"/>
    <property name="java.vendor.version" value="Temurin-21.0.8+9"/>
    <property name="m2e.build.project.data.socket.port" value="41817"/>
  </properties>
  <testcase name="testCase4_invalidUser" classname="DeleteUserWhiteboxMockTest" time="0">
    <error message="&#10;The used MockMaker SubclassByteBuddyMockMaker does not support the creation of static mocks&#10;&#10;Mockito&apos;s inline mock maker supports static mocks based on the Instrumentation API.&#10;You can simply enable this mock mode, by placing the &apos;mockito-inline&apos; artifact where you are currently using &apos;mockito-core&apos;.&#10;Note that Mockito&apos;s inline mock maker is not supported on Android." type="org.mockito.exceptions.base.MockitoException">org.mockito.exceptions.base.MockitoException: 

The used MockMaker SubclassByteBuddyMockMaker does not support the creation of static mocks

Mockito's inline mock maker supports static mocks based on the Instrumentation API.
You can simply enable this mock mode, by placing the 'mockito-inline' artifact where you are currently using 'mockito-core'.
Note that Mockito's inline mock maker is not supported on Android.
	at DeleteUserWhiteboxMockTest.init(DeleteUserWhiteboxMockTest.java:23)
</error>
  </testcase>
  <testcase name="testCase4_invalidUser" classname="DeleteUserWhiteboxMockTest" time="0">
    <error message="Cannot invoke &quot;org.mockito.MockedStatic.close()&quot; because &quot;this.persistenceMock&quot; is null" type="java.lang.NullPointerException">java.lang.NullPointerException: Cannot invoke "org.mockito.MockedStatic.close()" because "this.persistenceMock" is null
	at DeleteUserWhiteboxMockTest.tearDown(DeleteUserWhiteboxMockTest.java:33)
</error>
  </testcase>
  <testcase name="testCase3_admin" classname="DeleteUserWhiteboxMockTest" time="0.001">
    <error message="&#10;The used MockMaker SubclassByteBuddyMockMaker does not support the creation of static mocks&#10;&#10;Mockito&apos;s inline mock maker supports static mocks based on the Instrumentation API.&#10;You can simply enable this mock mode, by placing the &apos;mockito-inline&apos; artifact where you are currently using &apos;mockito-core&apos;.&#10;Note that Mockito&apos;s inline mock maker is not supported on Android." type="org.mockito.exceptions.base.MockitoException">org.mockito.exceptions.base.MockitoException: 

The used MockMaker SubclassByteBuddyMockMaker does not support the creation of static mocks

Mockito's inline mock maker supports static mocks based on the Instrumentation API.
You can simply enable this mock mode, by placing the 'mockito-inline' artifact where you are currently using 'mockito-core'.
Note that Mockito's inline mock maker is not supported on Android.
	at DeleteUserWhiteboxMockTest.init(DeleteUserWhiteboxMockTest.java:23)
</error>
  </testcase>
  <testcase name="testCase3_admin" classname="DeleteUserWhiteboxMockTest" time="0.001">
    <error message="Cannot invoke &quot;org.mockito.MockedStatic.close()&quot; because &quot;this.persistenceMock&quot; is null" type="java.lang.NullPointerException">java.lang.NullPointerException: Cannot invoke "org.mockito.MockedStatic.close()" because "this.persistenceMock" is null
	at DeleteUserWhiteboxMockTest.tearDown(DeleteUserWhiteboxMockTest.java:33)
</error>
  </testcase>
  <testcase name="testCase1_travelerWithReservations" classname="DeleteUserWhiteboxMockTest" time="0.001">
    <error message="&#10;The used MockMaker SubclassByteBuddyMockMaker does not support the creation of static mocks&#10;&#10;Mockito&apos;s inline mock maker supports static mocks based on the Instrumentation API.&#10;You can simply enable this mock mode, by placing the &apos;mockito-inline&apos; artifact where you are currently using &apos;mockito-core&apos;.&#10;Note that Mockito&apos;s inline mock maker is not supported on Android." type="org.mockito.exceptions.base.MockitoException">org.mockito.exceptions.base.MockitoException: 

The used MockMaker SubclassByteBuddyMockMaker does not support the creation of static mocks

Mockito's inline mock maker supports static mocks based on the Instrumentation API.
You can simply enable this mock mode, by placing the 'mockito-inline' artifact where you are currently using 'mockito-core'.
Note that Mockito's inline mock maker is not supported on Android.
	at DeleteUserWhiteboxMockTest.init(DeleteUserWhiteboxMockTest.java:23)
</error>
  </testcase>
  <testcase name="testCase1_travelerWithReservations" classname="DeleteUserWhiteboxMockTest" time="0.001">
    <error message="Cannot invoke &quot;org.mockito.MockedStatic.close()&quot; because &quot;this.persistenceMock&quot; is null" type="java.lang.NullPointerException">java.lang.NullPointerException: Cannot invoke "org.mockito.MockedStatic.close()" because "this.persistenceMock" is null
	at DeleteUserWhiteboxMockTest.tearDown(DeleteUserWhiteboxMockTest.java:33)
</error>
  </testcase>
  <testcase name="testCase5_exception" classname="DeleteUserWhiteboxMockTest" time="0.001">
    <error message="&#10;The used MockMaker SubclassByteBuddyMockMaker does not support the creation of static mocks&#10;&#10;Mockito&apos;s inline mock maker supports static mocks based on the Instrumentation API.&#10;You can simply enable this mock mode, by placing the &apos;mockito-inline&apos; artifact where you are currently using &apos;mockito-core&apos;.&#10;Note that Mockito&apos;s inline mock maker is not supported on Android." type="org.mockito.exceptions.base.MockitoException">org.mockito.exceptions.base.MockitoException: 

The used MockMaker SubclassByteBuddyMockMaker does not support the creation of static mocks

Mockito's inline mock maker supports static mocks based on the Instrumentation API.
You can simply enable this mock mode, by placing the 'mockito-inline' artifact where you are currently using 'mockito-core'.
Note that Mockito's inline mock maker is not supported on Android.
	at DeleteUserWhiteboxMockTest.init(DeleteUserWhiteboxMockTest.java:23)
</error>
  </testcase>
  <testcase name="testCase5_exception" classname="DeleteUserWhiteboxMockTest" time="0.001">
    <error message="Cannot invoke &quot;org.mockito.MockedStatic.close()&quot; because &quot;this.persistenceMock&quot; is null" type="java.lang.NullPointerException">java.lang.NullPointerException: Cannot invoke "org.mockito.MockedStatic.close()" because "this.persistenceMock" is null
	at DeleteUserWhiteboxMockTest.tearDown(DeleteUserWhiteboxMockTest.java:33)
</error>
  </testcase>
  <testcase name="testCase2_driverWithRides" classname="DeleteUserWhiteboxMockTest" time="0.001">
    <error message="&#10;The used MockMaker SubclassByteBuddyMockMaker does not support the creation of static mocks&#10;&#10;Mockito&apos;s inline mock maker supports static mocks based on the Instrumentation API.&#10;You can simply enable this mock mode, by placing the &apos;mockito-inline&apos; artifact where you are currently using &apos;mockito-core&apos;.&#10;Note that Mockito&apos;s inline mock maker is not supported on Android." type="org.mockito.exceptions.base.MockitoException">org.mockito.exceptions.base.MockitoException: 

The used MockMaker SubclassByteBuddyMockMaker does not support the creation of static mocks

Mockito's inline mock maker supports static mocks based on the Instrumentation API.
You can simply enable this mock mode, by placing the 'mockito-inline' artifact where you are currently using 'mockito-core'.
Note that Mockito's inline mock maker is not supported on Android.
	at DeleteUserWhiteboxMockTest.init(DeleteUserWhiteboxMockTest.java:23)
</error>
  </testcase>
  <testcase name="testCase2_driverWithRides" classname="DeleteUserWhiteboxMockTest" time="0.001">
    <error message="Cannot invoke &quot;org.mockito.MockedStatic.close()&quot; because &quot;this.persistenceMock&quot; is null" type="java.lang.NullPointerException">java.lang.NullPointerException: Cannot invoke "org.mockito.MockedStatic.close()" because "this.persistenceMock" is null
	at DeleteUserWhiteboxMockTest.tearDown(DeleteUserWhiteboxMockTest.java:33)
</error>
  </testcase>
</testsuite>