<?xml version="1.0" encoding="UTF-8"?>
<testsuite xmlns:xsi="http://www.w3.org/2001/XMLSchema-instance" xsi:schemaLocation="https://maven.apache.org/surefire/maven-surefire-plugin/xsd/surefire-test-report.xsd" name="CreateReservationWhiteboxTest" time="0.768" tests="3" errors="0" skipped="0" failures="1">
  <properties>
    <property name="jansi.mode" value="force"/>
    <property name="java.runtime.name" value="OpenJDK Runtime Environment"/>
    <property name="java.vm.version" value="17.0.16+8"/>
    <property name="sun.boot.library.path" value="C:\Program Files\Eclipse Adoptium\jdk-17.0.16.8-hotspot\bin"/>
    <property name="maven.multiModuleProjectDirectory" value="C:\Users\USER\git\Rides24"/>
    <property name="java.vm.vendor" value="Eclipse Adoptium"/>
    <property name="java.vendor.url" value="https://adoptium.net/"/>
    <property name="guice.disable.misplaced.annotation.check" value="true"/>
    <property name="path.separator" value=";"/>
    <property name="java.vm.name" value="OpenJDK 64-Bit Server VM"/>
    <property name="sun.os.patch.level" value=""/>
    <property name="user.script" value=""/>
    <property name="user.country" value="ES"/>
    <property name="sun.java.launcher" value="SUN_STANDARD"/>
    <property name="java.vm.specification.name" value="Java Virtual Machine Specification"/>
    <property name="user.dir" value="C:\Users\USER\git\Rides24"/>
    <property name="java.vm.compressedOopsMode" value="32-bit"/>
    <property name="java.runtime.version" value="17.0.16+8"/>
    <property name="os.arch" value="amd64"/>
    <property name="java.io.tmpdir" value="C:\Users\USER\AppData\Local\Temp\"/>
    <property name="line.separator" value="&#10;"/>
    <property name="java.vm.specification.vendor" value="Oracle Corporation"/>
    <property name="user.variant" value=""/>
    <property name="stderr.encoding" value="UTF-8"/>
    <property name="os.name" value="Windows 10"/>
    <property name="classworlds.conf" value="C:\Users\USER\Desktop\CIAN\eclipse\.metadata\.plugins\org.eclipse.m2e.launching\launches\m2conf9767577703191479358.tmp"/>
    <property name="sun.jnu.encoding" value="Cp1252"/>
    <property name="stdout.encoding" value="UTF-8"/>
    <property name="java.library.path" value="C:\Program Files\Eclipse Adoptium\jdk-17.0.16.8-hotspot\bin;C:\Windows\Sun\Java\bin;C:\Windows\system32;C:\Windows;C:/Users/USER/.p2/pool/plugins/org.eclipse.justj.openjdk.hotspot.jre.full.win32.x86_64_23.0.2.v20250131-0604/jre/bin/server;C:/Users/USER/.p2/pool/plugins/org.eclipse.justj.openjdk.hotspot.jre.full.win32.x86_64_23.0.2.v20250131-0604/jre/bin;C:\Windows\system32;C:\Windows;C:\Windows\System32\Wbem;C:\Windows\System32\WindowsPowerShell\v1.0\;C:\Windows\System32\OpenSSH\;C:\Program Files\Git\cmd;C:\Users\USER\AppData\Local\Microsoft\WindowsApps;;C:\Windows\System32;;."/>
    <property name="jdk.debug" value="release"/>
    <property name="java.class.version" value="61.0"/>
    <property name="java.specification.name" value="Java Platform API Specification"/>
    <property name="sun.management.compiler" value="HotSpot 64-Bit Tiered Compilers"/>
    <property name="os.version" value="10.0"/>
    <property name="user.home" value="C:\Users\USER"/>
    <property name="user.timezone" value="Europe/Madrid"/>
    <property name="file.encoding" value="UTF-8"/>
    <property name="java.specification.version" value="17"/>
    <property name="user.name" value="USER"/>
    <property name="java.class.path" value="C:\Users\USER\.p2\pool\plugins\org.eclipse.m2e.maven.runtime_3.9.900.20240824-1409\jars\plexus-classworlds-2.8.0.jar"/>
    <property name="java.vm.specification.version" value="17"/>
    <property name="sun.arch.data.model" value="64"/>
    <property name="sun.java.command" value="org.codehaus.plexus.classworlds.launcher.Launcher -B -Dstyle.color=always clean org.jacoco:jacoco-maven-plugin:prepare-agent org.jacoco:jacoco-maven-plugin:report install sonar:sonar"/>
    <property name="java.home" value="C:\Program Files\Eclipse Adoptium\jdk-17.0.16.8-hotspot"/>
    <property name="user.language" value="es"/>
    <property name="java.specification.vendor" value="Oracle Corporation"/>
    <property name="java.vm.info" value="mixed mode, sharing"/>
    <property name="java.version" value="17.0.16"/>
    <property name="native.encoding" value="Cp1252"/>
    <property name="java.vendor" value="Eclipse Adoptium"/>
    <property name="java.specification.maintenance.version" value="1"/>
    <property name="maven.home" value="C:\Users\USER\git\Rides24\EMBEDDED"/>
    <property name="style.color" value="always"/>
    <property name="file.separator" value="\"/>
    <property name="java.version.date" value="2025-07-15"/>
    <property name="java.vendor.url.bug" value="https://github.com/adoptium/adoptium-support/issues"/>
    <property name="sun.io.unicode.encoding" value="UnicodeLittle"/>
    <property name="sun.cpu.endian" value="little"/>
    <property name="java.vendor.version" value="Temurin-17.0.16+8"/>
    <property name="m2e.build.project.data.socket.port" value="60532"/>
    <property name="sun.cpu.isalist" value="amd64"/>
  </properties>
  <testcase name="test1" classname="CreateReservationWhiteboxTest" time="0.616"/>
  <testcase name="test2" classname="CreateReservationWhiteboxTest" time="0.038">
    <failure type="java.lang.AssertionError">java.lang.AssertionError
	at CreateReservationWhiteboxTest.test2(CreateReservationWhiteboxTest.java:93)
</failure>
    <system-out><![CDATA[TestDataAccess opened
>> TestDataAccess: addTravelerWithMoney
TestDataAccess closed
DataAccess opened => isDatabaseLocal: true
Dirua falta da
DataAcess closed
]]></system-out>
  </testcase>
  <testcase name="test3" classname="CreateReservationWhiteboxTest" time="0.026"/>
</testsuite>