<?xml version="1.0" encoding="UTF-8"?>
<testsuite xmlns:xsi="http://www.w3.org/2001/XMLSchema-instance" xsi:schemaLocation="https://maven.apache.org/surefire/maven-surefire-plugin/xsd/surefire-test-report.xsd" name="RegisterBlackboxMockTest" time="0.153" tests="10" errors="0" skipped="0" failures="10">
  <properties>
    <property name="jansi.mode" value="force"/>
    <property name="java.runtime.name" value="OpenJDK Runtime Environment"/>
    <property name="java.vm.version" value="21.0.8+9-LTS"/>
    <property name="sun.boot.library.path" value="/home/ander/.p2/pool/plugins/org.eclipse.justj.openjdk.hotspot.jre.full.linux.x86_64_21.0.8.v20250724-1412/jre/lib"/>
    <property name="maven.multiModuleProjectDirectory" value="/home/ander/git/Rides24"/>
    <property name="java.vm.vendor" value="Eclipse Adoptium"/>
    <property name="java.vendor.url" value="https://adoptium.net/"/>
    <property name="guice.disable.misplaced.annotation.check" value="true"/>
    <property name="path.separator" value=":"/>
    <property name="java.vm.name" value="OpenJDK 64-Bit Server VM"/>
    <property name="user.country" value="US"/>
    <property name="sun.java.launcher" value="SUN_STANDARD"/>
    <property name="java.vm.specification.name" value="Java Virtual Machine Specification"/>
    <property name="user.dir" value="/home/ander/git/Rides24"/>
    <property name="java.vm.compressedOopsMode" value="Zero based"/>
    <property name="java.runtime.version" value="21.0.8+9-LTS"/>
    <property name="os.arch" value="amd64"/>
    <property name="java.io.tmpdir" value="/tmp"/>
    <property name="line.separator" value="&#10;"/>
    <property name="java.vm.specification.vendor" value="Oracle Corporation"/>
    <property name="stderr.encoding" value="UTF-8"/>
    <property name="os.name" value="Linux"/>
    <property name="classworlds.conf" value="/home/ander/eclipse-workspace/.metadata/.plugins/org.eclipse.m2e.launching/launches/m2conf15123003037301715839.tmp"/>
    <property name="sun.jnu.encoding" value="UTF-8"/>
    <property name="stdout.encoding" value="UTF-8"/>
    <property name="java.library.path" value="/usr/java/packages/lib:/usr/lib64:/lib64:/lib:/usr/lib"/>
    <property name="jdk.debug" value="release"/>
    <property name="java.class.version" value="65.0"/>
    <property name="java.specification.name" value="Java Platform API Specification"/>
    <property name="sun.management.compiler" value="HotSpot 64-Bit Tiered Compilers"/>
    <property name="os.version" value="6.8.0-84-generic"/>
    <property name="user.home" value="/home/ander"/>
    <property name="user.timezone" value="Europe/Madrid"/>
    <property name="file.encoding" value="UTF-8"/>
    <property name="java.specification.version" value="21"/>
    <property name="user.name" value="ander"/>
    <property name="java.class.path" value="/home/ander/.p2/pool/plugins/org.eclipse.m2e.maven.runtime_3.9.1100.20250811-2018/jars/plexus-classworlds-2.9.0.jar"/>
    <property name="java.vm.specification.version" value="21"/>
    <property name="sun.arch.data.model" value="64"/>
    <property name="sun.java.command" value="org.codehaus.plexus.classworlds.launcher.Launcher -B -Dstyle.color=always clean org.jacoco:jacoco-maven-plugin:prepare-agent org.jacoco:jacoco-maven-plugin:report install sonar:sonar"/>
    <property name="java.home" value="/home/ander/.p2/pool/plugins/org.eclipse.justj.openjdk.hotspot.jre.full.linux.x86_64_21.0.8.v20250724-1412/jre"/>
    <property name="user.language" value="en"/>
    <property name="java.specification.vendor" value="Oracle Corporation"/>
    <property name="java.vm.info" value="mixed mode, sharing"/>
    <property name="java.version" value="21.0.8"/>
    <property name="native.encoding" value="UTF-8"/>
    <property name="java.vendor" value="Eclipse Adoptium"/>
    <property name="maven.home" value="/home/ander/git/Rides24/EMBEDDED"/>
    <property name="style.color" value="always"/>
    <property name="file.separator" value="/"/>
    <property name="java.version.date" value="2025-07-15"/>
    <property name="java.vendor.url.bug" value="https://github.com/adoptium/adoptium-support/issues"/>
    <property name="sun.io.unicode.encoding" value="UnicodeLittle"/>
    <property name="sun.cpu.endian" value="little"/>
    <property name="java.vendor.version" value="Temurin-21.0.8+9"/>
    <property name="m2e.build.project.data.socket.port" value="35189"/>
  </properties>
  <testcase name="testRegisterNewDriver" classname="RegisterBlackboxMockTest" time="0.047">
    <failure type="java.lang.AssertionError">java.lang.AssertionError
	at RegisterBlackboxMockTest.testRegisterNewDriver(RegisterBlackboxMockTest.java:49)
</failure>
    <system-out><![CDATA[DataAccess opened => isDatabaseLocal: true
DataAcess closed
]]></system-out>
  </testcase>
  <testcase name="testRegisterInvalidEmail" classname="RegisterBlackboxMockTest" time="0.011">
    <failure message="Expected InvalidInputException" type="java.lang.AssertionError">java.lang.AssertionError: Expected InvalidInputException
	at RegisterBlackboxMockTest.testRegisterInvalidEmail(RegisterBlackboxMockTest.java:154)
</failure>
    <system-out><![CDATA[DataAccess opened => isDatabaseLocal: true
DataAcess closed
]]></system-out>
  </testcase>
  <testcase name="testRegisterPasswordNull" classname="RegisterBlackboxMockTest" time="0.01">
    <failure message="Expected InvalidInputException" type="java.lang.AssertionError">java.lang.AssertionError: Expected InvalidInputException
	at RegisterBlackboxMockTest.testRegisterPasswordNull(RegisterBlackboxMockTest.java:109)
</failure>
    <system-out><![CDATA[DataAccess opened => isDatabaseLocal: true
DataAcess closed
]]></system-out>
  </testcase>
  <testcase name="testRegisterMotaNull" classname="RegisterBlackboxMockTest" time="0.015">
    <failure message="Expected InvalidInputException" type="java.lang.AssertionError">java.lang.AssertionError: Expected InvalidInputException
	at RegisterBlackboxMockTest.testRegisterMotaNull(RegisterBlackboxMockTest.java:124)
</failure>
    <system-out><![CDATA[DataAccess opened => isDatabaseLocal: true
DataAcess closed
]]></system-out>
  </testcase>
  <testcase name="testRegisterInvalidPassword" classname="RegisterBlackboxMockTest" time="0.014">
    <failure message="Expected InvalidInputException" type="java.lang.AssertionError">java.lang.AssertionError: Expected InvalidInputException
	at RegisterBlackboxMockTest.testRegisterInvalidPassword(RegisterBlackboxMockTest.java:169)
</failure>
    <system-out><![CDATA[DataAccess opened => isDatabaseLocal: true
DataAcess closed
]]></system-out>
  </testcase>
  <testcase name="testRegisterInvalidMota" classname="RegisterBlackboxMockTest" time="0.012">
    <failure message="Expected InvalidInputException" type="java.lang.AssertionError">java.lang.AssertionError: Expected InvalidInputException
	at RegisterBlackboxMockTest.testRegisterInvalidMota(RegisterBlackboxMockTest.java:184)
</failure>
    <system-out><![CDATA[DataAccess opened => isDatabaseLocal: true
DataAcess closed
]]></system-out>
  </testcase>
  <testcase name="testRegisterInvalidName" classname="RegisterBlackboxMockTest" time="0.011">
    <failure message="Expected InvalidInputException" type="java.lang.AssertionError">java.lang.AssertionError: Expected InvalidInputException
	at RegisterBlackboxMockTest.testRegisterInvalidName(RegisterBlackboxMockTest.java:139)
</failure>
    <system-out><![CDATA[DataAccess opened => isDatabaseLocal: true
DataAcess closed
]]></system-out>
  </testcase>
  <testcase name="testRegisterNameNull" classname="RegisterBlackboxMockTest" time="0.01">
    <failure message="Expected InvalidInputException" type="java.lang.AssertionError">java.lang.AssertionError: Expected InvalidInputException
	at RegisterBlackboxMockTest.testRegisterNameNull(RegisterBlackboxMockTest.java:77)
</failure>
    <system-out><![CDATA[DataAccess opened => isDatabaseLocal: true
DataAcess closed
]]></system-out>
  </testcase>
  <testcase name="testRegisterUserAlreadyExists" classname="RegisterBlackboxMockTest" time="0.012">
    <failure message="Expected UserAlreadyExistsException" type="java.lang.AssertionError">java.lang.AssertionError: Expected UserAlreadyExistsException
	at RegisterBlackboxMockTest.testRegisterUserAlreadyExists(RegisterBlackboxMockTest.java:62)
</failure>
    <system-out><![CDATA[DataAccess opened => isDatabaseLocal: true
DataAcess closed
]]></system-out>
  </testcase>
  <testcase name="testRegisterEmailNull" classname="RegisterBlackboxMockTest" time="0.01">
    <failure message="Expected InvalidInputException" type="java.lang.AssertionError">java.lang.AssertionError: Expected InvalidInputException
	at RegisterBlackboxMockTest.testRegisterEmailNull(RegisterBlackboxMockTest.java:93)
</failure>
    <system-out><![CDATA[DataAccess opened => isDatabaseLocal: true
DataAcess closed
]]></system-out>
  </testcase>
</testsuite>